This is pdfTeX, Version 3.1415926-2.3-1.40.12 (TeX Live 2011) (format=pdflatex 2011.7.3)  5 OCT 2013 13:44
entering extended mode
 restricted \write18 enabled.
 %&-line parsing enabled.
**\input main.tex
(./main.tex (./aamas2014.cls
(/usr/local/texlive/2011/texmf-dist/tex/latex/graphics/epsfig.sty
Package: epsfig 1999/02/16 v1.7a (e)psfig emulation (SPQR)

(/usr/local/texlive/2011/texmf-dist/tex/latex/graphics/graphicx.sty
Package: graphicx 1999/02/16 v1.0f Enhanced LaTeX Graphics (DPC,SPQR)

(/usr/local/texlive/2011/texmf-dist/tex/latex/graphics/keyval.sty
Package: keyval 1999/03/16 v1.13 key=value parser (DPC)
\KV@toks@=\toks14
)
(/usr/local/texlive/2011/texmf-dist/tex/latex/graphics/graphics.sty
Package: graphics 2009/02/05 v1.0o Standard LaTeX Graphics (DPC,SPQR)

(/usr/local/texlive/2011/texmf-dist/tex/latex/graphics/trig.sty
Package: trig 1999/03/16 v1.09 sin cos tan (DPC)
)
(/usr/local/texlive/2011/texmf-dist/tex/latex/latexconfig/graphics.cfg
File: graphics.cfg 2010/04/23 v1.9 graphics configuration of TeX Live
)
Package graphics Info: Driver file: pdftex.def on input line 91.

(/usr/local/texlive/2011/texmf-dist/tex/latex/pdftex-def/pdftex.def
File: pdftex.def 2011/05/27 v0.06d Graphics/color for pdfTeX

(/usr/local/texlive/2011/texmf-dist/tex/generic/oberdiek/infwarerr.sty
Package: infwarerr 2010/04/08 v1.3 Providing info/warning/message (HO)
)
(/usr/local/texlive/2011/texmf-dist/tex/generic/oberdiek/ltxcmds.sty
Package: ltxcmds 2011/04/18 v1.20 LaTeX kernel commands for general use (HO)
)
\Gread@gobject=\count79
))
\Gin@req@height=\dimen102
\Gin@req@width=\dimen103
)
\epsfxsize=\dimen104
\epsfysize=\dimen105
)
(/usr/local/texlive/2011/texmf-dist/tex/latex/amsfonts/amssymb.sty
Package: amssymb 2009/06/22 v3.00

(/usr/local/texlive/2011/texmf-dist/tex/latex/amsfonts/amsfonts.sty
Package: amsfonts 2009/06/22 v3.00 Basic AMSFonts support
\@emptytoks=\toks15
\symAMSa=\mathgroup4
\symAMSb=\mathgroup5
LaTeX Font Info:    Overwriting math alphabet `\mathfrak' in version `bold'
(Font)                  U/euf/m/n --> U/euf/b/n on input line 96.
))
(/usr/local/texlive/2011/texmf-dist/tex/latex/amsmath/amsmath.sty
Package: amsmath 2000/07/18 v2.13 AMS math features
\@mathmargin=\skip41

For additional information on amsmath, use the `?' option.
(/usr/local/texlive/2011/texmf-dist/tex/latex/amsmath/amstext.sty
Package: amstext 2000/06/29 v2.01

(/usr/local/texlive/2011/texmf-dist/tex/latex/amsmath/amsgen.sty
File: amsgen.sty 1999/11/30 v2.0
\@emptytoks=\toks16
\ex@=\dimen106
))
(/usr/local/texlive/2011/texmf-dist/tex/latex/amsmath/amsbsy.sty
Package: amsbsy 1999/11/29 v1.2d
\pmbraise@=\dimen107
)
(/usr/local/texlive/2011/texmf-dist/tex/latex/amsmath/amsopn.sty
Package: amsopn 1999/12/14 v2.01 operator names
)
\inf@bad=\count80
LaTeX Info: Redefining \frac on input line 211.
\uproot@=\count81
\leftroot@=\count82
LaTeX Info: Redefining \overline on input line 307.
\classnum@=\count83
\DOTSCASE@=\count84
LaTeX Info: Redefining \ldots on input line 379.
LaTeX Info: Redefining \dots on input line 382.
LaTeX Info: Redefining \cdots on input line 467.
\Mathstrutbox@=\box26
\strutbox@=\box27
\big@size=\dimen108
LaTeX Font Info:    Redeclaring font encoding OML on input line 567.
LaTeX Font Info:    Redeclaring font encoding OMS on input line 568.
\macc@depth=\count85
\c@MaxMatrixCols=\count86
\dotsspace@=\muskip10
\c@parentequation=\count87
\dspbrk@lvl=\count88
\tag@help=\toks17
\row@=\count89
\column@=\count90
\maxfields@=\count91
\andhelp@=\toks18
\eqnshift@=\dimen109
\alignsep@=\dimen110
\tagshift@=\dimen111
\tagwidth@=\dimen112
\totwidth@=\dimen113
\lineht@=\dimen114
\@envbody=\toks19
\multlinegap=\skip42
\multlinetaggap=\skip43
\mathdisplay@stack=\toks20
LaTeX Info: Redefining \[ on input line 2666.
LaTeX Info: Redefining \] on input line 2667.
)
Document Class 'ifaamas-submission'
Trivial Modification of Document Class 'sig-alternate' <30th. November '06>. Mo
dified by Keith Decker
Trivial Modification of Document Class 'sig-alternate' <30th. November '06>. Mo
dified by G.K.M. Tobin/Gerry Murray
Based in part upon document Style `acmconf' <22 May 89>. Hacked 4/91 by
shivers@cs.cmu.edu, 4/93 by theobald@cs.mcgill.ca
Excerpts were taken from (Journal Style) 'esub2acm.cls'.
\footheight=\dimen115
\@maxsep=\dimen116
\@dblmaxsep=\dimen117
\aucount=\count92
\originalaucount=\count93
\auwidth=\dimen118
\auskip=\dimen119
\auskipcount=\count94
\auskip=\dimen120
\allauboxes=\dimen121
\addauthors=\toks21
\addauflag=\count95
\subtitletext=\toks22
\savesection=\count96
\sectioncntr=\count97
\c@figure=\count98
\c@table=\count99
\titleboxnotes=\toks23
\titleboxnoteflag=\count100

LaTeX Warning: You have requested document class `aamas2014',
               but the document class provides `aamas2013'.

Document Class: aamas2013 2009/24/07 - V1.9 - based on acmproc.cls V1.3 <Nov. 3
0 '99>
(/usr/local/texlive/2011/texmf-dist/tex/latex/base/latexsym.sty
Package: latexsym 1998/08/17 v2.2e Standard LaTeX package (lasy symbols)
\symlasy=\mathgroup6
LaTeX Font Info:    Overwriting symbol font `lasy' in version `bold'
(Font)                  U/lasy/m/n --> U/lasy/b/n on input line 47.
)
\@acmtitlebox=\box28
\titlenotecount=\count101
\tntoks=\toks24
\tntokstwo=\toks25
\tntoksthree=\toks26
\tntoksfour=\toks27
\tntoksfive=\toks28
\catcount=\count102
\copyrightnotice=\toks29
\conf=\toks30
\confinfo=\toks31
\c@part=\count103
\c@section=\count104
\c@subsection=\count105
\c@subsubsection=\count106
\c@paragraph=\count107

Using 'Abbrev' bibliography style
\bibindent=\dimen122
\colcntr=\count108
\savebox=\box29
\authorsForCitation=\toks32
\titleForCitation=\toks33
\copyrtyr=\toks34
\acmcopyr=\toks35
\boilerplateBefore=\toks36
\boilerplateAfter=\toks37
\copyrightetc=\toks38
(/usr/local/texlive/2011/texmf-dist/tex/latex/base/fontenc.sty
Package: fontenc 2005/09/27 v1.99g Standard LaTeX package

(/usr/local/texlive/2011/texmf-dist/tex/latex/base/t1enc.def
File: t1enc.def 2005/09/27 v1.99g Standard LaTeX file
LaTeX Font Info:    Redeclaring font encoding T1 on input line 43.
)
LaTeX Font Info:    Try loading font information for T1+aer on input line 100.

(/usr/local/texlive/2011/texmf-dist/tex/latex/ae/t1aer.fd
File: t1aer.fd 1997/11/16 Font definitions for T1/aer.
)))
(/usr/local/texlive/2011/texmf-dist/tex/latex/algorithm2e/algorithm2e.sty
Package: algorithm2e 2008/00/00 v3.10 algorithms environments
\c@AlgoLine=\count109

(/usr/local/texlive/2011/texmf-dist/tex/latex/base/ifthen.sty
Package: ifthen 2001/05/26 v1.1c Standard LaTeX ifthen package (DPC)
)
(/usr/local/texlive/2011/texmf-dist/tex/latex/tools/xspace.sty
Package: xspace 2006/05/08 v1.12 Space after command names (DPC,MH)
)
(/usr/local/texlive/2011/texmf-dist/tex/latex/relsize/relsize.sty
Package: relsize 2003/07/04 ver 3.1


Package relsize Warning: Failed to get list of font sizes.
(relsize)                Falling back to old definition. on input line 81.

)
********************************************************
Package `algorithm2e' Release 4.01 -- december 14 2009 --
- algorithm2e-announce@lirmm.fr mailing list for announcement about releases
- algorithm2e-discussion@lirmm.fr mailing list for discussion about package
subscribe by emailing sympa@lirmm.fr with 'subscribe <list> <firstname name>'
- Author: Christophe Fiorio (fiorio@lirmm.fr)
********************************************************
\skiptotal=\skip44
\skiplinenumber=\skip45
\skiprule=\skip46
\skiphlne=\skip47
\skiptext=\skip48
\skiplength=\skip49
\algomargin=\skip50
\skipalgocfslide=\skip51
\algowidth=\dimen123
\inoutsize=\dimen124
\inoutline=\dimen125
\interspacetitleruled=\dimen126
\interspacealgoruled=\dimen127
\interspacetitleboxruled=\dimen128
\algocf@inoutbox=\box30
\algocf@inputbox=\box31
\AlCapSkip=\skip52
\AlCapHSkip=\skip53
\algocf@nlbox=\box32
\algocf@hangingbox=\box33
\algocf@capbox=\box34
\algoheightruledefault=\skip54
\algoheightrule=\skip55
\algotitleheightruledefault=\skip56
\algotitleheightrule=\skip57
\c@algocfline=\count110
\c@algocfproc=\count111
\c@algocf=\count112
\algocf@algoframe=\box35
\algocf@algobox=\box36
) (./main.aux)
\openout1 = `main.aux'.

LaTeX Font Info:    Checking defaults for OML/cmm/m/it on input line 52.
LaTeX Font Info:    ... okay on input line 52.
LaTeX Font Info:    Checking defaults for T1/cmr/m/n on input line 52.
LaTeX Font Info:    ... okay on input line 52.
LaTeX Font Info:    Checking defaults for OT1/cmr/m/n on input line 52.
LaTeX Font Info:    ... okay on input line 52.
LaTeX Font Info:    Checking defaults for OMS/cmsy/m/n on input line 52.
LaTeX Font Info:    ... okay on input line 52.
LaTeX Font Info:    Checking defaults for OMX/cmex/m/n on input line 52.
LaTeX Font Info:    ... okay on input line 52.
LaTeX Font Info:    Checking defaults for U/cmr/m/n on input line 52.
LaTeX Font Info:    ... okay on input line 52.

(/usr/local/texlive/2011/texmf-dist/tex/context/base/supp-pdf.mkii
[Loading MPS to PDF converter (version 2006.09.02).]
\scratchcounter=\count113
\scratchdimen=\dimen129
\scratchbox=\box37
\nofMPsegments=\count114
\nofMParguments=\count115
\everyMPshowfont=\toks39
\MPscratchCnt=\count116
\MPscratchDim=\dimen130
\MPnumerator=\count117
\makeMPintoPDFobject=\count118
\everyMPtoPDFconversion=\toks40
) (/usr/local/texlive/2011/texmf-dist/tex/generic/oberdiek/pdftexcmds.sty
Package: pdftexcmds 2011/04/22 v0.16 Utilities of pdfTeX for LuaTeX (HO)

(/usr/local/texlive/2011/texmf-dist/tex/generic/oberdiek/ifluatex.sty
Package: ifluatex 2010/03/01 v1.3 Provides the ifluatex switch (HO)
Package ifluatex Info: LuaTeX not detected.
)
(/usr/local/texlive/2011/texmf-dist/tex/generic/oberdiek/ifpdf.sty
Package: ifpdf 2011/01/30 v2.3 Provides the ifpdf switch (HO)
Package ifpdf Info: pdfTeX in PDF mode is detected.
)
Package pdftexcmds Info: LuaTeX not detected.
Package pdftexcmds Info: \pdf@primitive is available.
Package pdftexcmds Info: \pdf@ifprimitive is available.
Package pdftexcmds Info: \pdfdraftmode found.
)
(/usr/local/texlive/2011/texmf-dist/tex/latex/oberdiek/epstopdf-base.sty
Package: epstopdf-base 2010/02/09 v2.5 Base part for package epstopdf

(/usr/local/texlive/2011/texmf-dist/tex/latex/oberdiek/grfext.sty
Package: grfext 2010/08/19 v1.1 Managing graphics extensions (HO)

(/usr/local/texlive/2011/texmf-dist/tex/generic/oberdiek/kvdefinekeys.sty
Package: kvdefinekeys 2011/04/07 v1.3 Defining keys (HO)
))
(/usr/local/texlive/2011/texmf-dist/tex/latex/oberdiek/kvoptions.sty
Package: kvoptions 2010/12/23 v3.10 Keyval support for LaTeX options (HO)

(/usr/local/texlive/2011/texmf-dist/tex/generic/oberdiek/kvsetkeys.sty
Package: kvsetkeys 2011/04/07 v1.13 Key value parser (HO)

(/usr/local/texlive/2011/texmf-dist/tex/generic/oberdiek/etexcmds.sty
Package: etexcmds 2011/02/16 v1.5 Prefix for e-TeX command names (HO)
Package etexcmds Info: Could not find \expanded.
(etexcmds)             That can mean that you are not using pdfTeX 1.50 or
(etexcmds)             that some package has redefined \expanded.
(etexcmds)             In the latter case, load this package earlier.
)))
Package grfext Info: Graphics extension search list:
(grfext)             [.png,.pdf,.jpg,.mps,.jpeg,.jbig2,.jb2,.PNG,.PDF,.JPG,.JPE
G,.JBIG2,.JB2,.eps]
(grfext)             \AppendGraphicsExtensions on input line 452.

(/usr/local/texlive/2011/texmf-dist/tex/latex/latexconfig/epstopdf-sys.cfg
File: epstopdf-sys.cfg 2010/07/13 v1.3 Configuration of (r)epstopdf for TeX Liv
e
))
LaTeX Font Info:    Try loading font information for U+msa on input line 191.

(/usr/local/texlive/2011/texmf-dist/tex/latex/amsfonts/umsa.fd
File: umsa.fd 2009/06/22 v3.00 AMS symbols A
)
LaTeX Font Info:    Try loading font information for U+msb on input line 191.

(/usr/local/texlive/2011/texmf-dist/tex/latex/amsfonts/umsb.fd
File: umsb.fd 2009/06/22 v3.00 AMS symbols B
)
LaTeX Font Info:    Try loading font information for U+lasy on input line 191.

(/usr/local/texlive/2011/texmf-dist/tex/latex/base/ulasy.fd
File: ulasy.fd 1998/08/17 v2.2e LaTeX symbol font definitions
)
LaTeX Font Info:    Try loading font information for OMS+aer on input line 191.


(/usr/local/texlive/2011/texmf-dist/tex/latex/ae/omsaer.fd
File: omsaer.fd 1999/12/27
)
LaTeX Font Info:    Font shape `OMS/aer/m/n' in size <9> not available
(Font)              Font shape `OMS/cmsy/m/n' tried instead on input line 191.

Overfull \hbox (1.85751pt too wide) in paragraph at lines 210--211
\T1/aer/m/n/9 Human-Agent In-ter-ac-tion, Co-or-di-na-tion, De-ci-sion un-der U
n-
 []

(./introduction.tex

LaTeX Warning: Citation `kitano' on page \thepage  undefined on input line 2.


LaTeX Warning: Citation `ramchurn:teal:2010' on page \thepage  undefined on inp
ut line 4.


LaTeX Warning: Citation `koes:teal:2005' on page \thepage  undefined on input l
ine 4.


LaTeX Warning: Citation `scerri:teal:200X' on page \thepage  undefined on input
 line 4.


LaTeX Warning: Citation `ramchurn:robocup:2010' on page \thepage  undefined on 
input line 4.


LaTeX Warning: Citation `chapman:teal:2010' on page \thepage  undefined on inpu
t line 4.


Underfull \vbox (badness 10000) has occurred while \output is active []

 [1{/usr/local/texlive/2011/texmf-var/fonts/map/pdftex/updmap/pdftex.map}


]
Overfull \hbox (6.66794pt too wide) in paragraph at lines 8--9
\T1/aer/m/n/9 for-ma-tion un-der un-cer-tainty us-ing a Multi-agent Markov
 []


Overfull \hbox (5.47888pt too wide) in paragraph at lines 12--13
\T1/aer/m/n/9 how agent-based co-or-di-na-tion al-go-rithms for dis-as-ter re-s
ponse
 []


LaTeX Warning: Reference `sec:scenario' on page \thepage  undefined on input li
ne 14.


LaTeX Warning: Reference `sec:algorithm' on page \thepage  undefined on input l
ine 14.


LaTeX Warning: Reference `sec:atomic' on page \thepage  undefined on input line
 14.


LaTeX Warning: Reference `sec:evaluation' on page \thepage  undefined on input 
line 14.


LaTeX Warning: Reference `sec:conclusions' on page \thepage  undefined on input
 line 14.

) (./scenario.tex

LaTeX Warning: Reference `atomic' on page \thepage  undefined on input line 3.


LaTeX Warning: Reference `sec:algo' on page \thepage  undefined on input line 3
.


LaTeX Warning: Reference `sec:atomic' on page \thepage  undefined on input line
 3.

<scenario.jpg, id=14, 480.79625pt x 237.88875pt>
File: scenario.jpg Graphic file (type jpg)
 <use scenario.jpg>
Package pdftex.def Info: scenario.jpg used on input line 8.
(pdftex.def)             Requested size: 240.0pt x 118.74806pt.

Overfull \hbox (3.83192pt too wide) in paragraph at lines 14--15
\T1/aer/m/n/9 model also cap-tures dif-fer-ent modes of con-trol: (i) cen-trali
sed:
 []

[2 <./scenario.jpg>]

LaTeX Warning: Reference `sec:algo' on page \thepage  undefined on input line 1
6.


LaTeX Warning: Citation `?' on page \thepage  undefined on input line 16.


LaTeX Warning: Citation `csftp' on page \thepage  undefined on input line 16.


LaTeX Warning: Citation `HTSSC' on page \thepage  undefined on input line 16.


LaTeX Warning: Citation `?' on page \thepage  undefined on input line 16.


LaTeX Warning: Citation `?' on page \thepage  undefined on input line 16.

(./mmdp_model.tex)) (./coordination.tex
LaTeX Font Info:    Try loading font information for T1+aett on input line 29.

(/usr/local/texlive/2011/texmf-dist/tex/latex/ae/t1aett.fd
File: t1aett.fd 1997/11/16 Font definitions for T1/aett.
) [3]

LaTeX Warning: Citation `?' on page \thepage  undefined on input line 89.


LaTeX Warning: Citation `?' on page \thepage  undefined on input line 100.


Overfull \hbox (29.55144pt too wide) in paragraph at lines 143--147
\T1/aer/m/n/9 single-agent prob-lem that can be mod-eled as a MDP, $\OMS/cmsy/m
/n/9 h\OML/cmm/m/it/9 S[]; A[]; P[]; R[]\OMS/cmsy/m/n/9 i$\T1/aer/m/n/9 ,
 []


LaTeX Warning: Citation `?' on page \thepage  undefined on input line 166.


LaTeX Warning: Citation `?' on page \thepage  undefined on input line 169.


LaTeX Warning: Citation `?' on page \thepage  undefined on input line 181.

[4]) (./radiation_model.tex

LaTeX Warning: Citation `alvarez09' on page \thepage  undefined on input line 4
.


LaTeX Warning: Citation `reece10' on page \thepage  undefined on input line 4.


Package amsfonts Warning: Obsolete command \Bbb; \mathbb should be used instead
 on input line 4.

[5] <figures/radiation_ss_calm.png, id=37, 1507.6325pt x 803.0pt>
File: figures/radiation_ss_calm.png Graphic file (type png)

<use figures/radiation_ss_calm.png>
Package pdftex.def Info: figures/radiation_ss_calm.png used on input line 10.
(pdftex.def)             Requested size: 226.79846pt x 120.78787pt.

<figures/radiation_ss_gust.png, id=38, 1508.63625pt x 805.0075pt>
File: figures/radiation_ss_gust.png Graphic file (type png)

<use figures/radiation_ss_gust.png>
Package pdftex.def Info: figures/radiation_ss_gust.png used on input line 12.
(pdftex.def)             Requested size: 226.79846pt x 121.01614pt.
)
Overfull \hbox (1.92259pt too wide) in paragraph at lines 265--266
\T1/aer/m/n/9 ber of 'sup-port-ing'/related mes-sages (e.g., en-force-ment,
 []


Overfull \hbox (3.01309pt too wide) in paragraph at lines 267--269
[]\T1/aer/m/n/9 Following in-struc-tions ('obe-di-ence'): num-ber of in-struc-
 []

(./main.bbl) [6 <./figures/radiation_ss_calm.png> <./figures/radiation_ss_gust.
png>] (./main.aux)

LaTeX Warning: There were undefined references.


LaTeX Warning: Label(s) may have changed. Rerun to get cross-references right.

 ) 
Here is how much of TeX's memory you used:
 3984 strings out of 493633
 51531 string characters out of 3143378
 134209 words of memory out of 3000000
 7173 multiletter control sequences out of 15000+200000
 51016 words of font info for 70 fonts, out of 3000000 for 9000
 831 hyphenation exceptions out of 8191
 41i,14n,26p,1928b,384s stack positions out of 5000i,500n,10000p,200000b,50000s
{/usr/local/texlive/2011/texmf-dist/fonts/enc/dvips/base/8r.enc}</usr/local/t
exlive/2011/texmf-dist/fonts/type1/public/amsfonts/cm/cmbx9.pfb></usr/local/tex
live/2011/texmf-dist/fonts/type1/public/amsfonts/cmextra/cmex9.pfb></usr/local/
texlive/2011/texmf-dist/fonts/type1/public/amsfonts/cm/cmmi5.pfb></usr/local/te
xlive/2011/texmf-dist/fonts/type1/public/amsfonts/cm/cmmi6.pfb></usr/local/texl
ive/2011/texmf-dist/fonts/type1/public/amsfonts/cm/cmmi9.pfb></usr/local/texliv
e/2011/texmf-dist/fonts/type1/public/amsfonts/cm/cmr5.pfb></usr/local/texlive/2
011/texmf-dist/fonts/type1/public/amsfonts/cm/cmr6.pfb></usr/local/texlive/2011
/texmf-dist/fonts/type1/public/amsfonts/cm/cmr9.pfb></usr/local/texlive/2011/te
xmf-dist/fonts/type1/public/amsfonts/cm/cmsy5.pfb></usr/local/texlive/2011/texm
f-dist/fonts/type1/public/amsfonts/cm/cmsy6.pfb></usr/local/texlive/2011/texmf-
dist/fonts/type1/public/amsfonts/cm/cmsy9.pfb></usr/local/texlive/2011/texmf-di
st/fonts/type1/public/amsfonts/cm/cmti9.pfb></usr/local/texlive/2011/texmf-dist
/fonts/type1/public/amsfonts/cm/cmtt9.pfb></usr/local/texlive/2011/texmf-dist/f
onts/type1/public/amsfonts/symbols/msbm10.pfb></usr/local/texlive/2011/texmf-di
st/fonts/type1/urw/helvetic/uhvb8a.pfb></usr/local/texlive/2011/texmf-dist/font
s/type1/urw/helvetic/uhvr8a.pfb></usr/local/texlive/2011/texmf-dist/fonts/type1
/urw/times/utmb8a.pfb></usr/local/texlive/2011/texmf-dist/fonts/type1/urw/times
/utmr8a.pfb></usr/local/texlive/2011/texmf-dist/fonts/type1/urw/times/utmri8a.p
fb>
Output written on main.pdf (6 pages, 1469567 bytes).
PDF statistics:
 103 PDF objects out of 1000 (max. 8388607)
 72 compressed objects within 1 object stream
 0 named destinations out of 1000 (max. 500000)
 16 words of extra memory for PDF output out of 10000 (max. 10000000)

